<?xml version="1.0" encoding="UTF-8"?>
<!-- Generated by org.testng.reporters.JUnitXMLReporter -->
<testsuite ignored="0" hostname="Dhiren" failures="0" tests="4" name="Test" time="10.228" errors="0" timestamp="2020-03-14T10:12:12 EDT">
  <testcase classname="com.testcases.TestCase1" name="testone" time="0.005"/>
  <testcase classname="com.testcases.TestCase3" name="testcasethree" time="0.001"/>
  <testcase classname="com.testcases.TestCase2" name="testcasetwo" time="0.002"/>
  <testcase classname="com.testcases.TestCase4" name="navigatetoGoogle" time="10.191"/>
</testsuite> <!-- Test -->
