<?xml version="1.0" encoding="UTF-8"?>
<!-- Generated by org.testng.reporters.JUnitXMLReporter -->
<testsuite ignored="0" hostname="Dhiren" failures="1" tests="4" name="Command line test" time="5.517" errors="0" timestamp="2020-03-14T10:10:12 EDT">
  <testcase classname="com.testcases.TestCase1" name="testone" time="0.003"/>
  <testcase classname="com.testcases.TestCase2" name="testcasetwo" time="0.0"/>
  <testcase classname="com.testcases.TestCase3" name="testcasethree" time="0.0"/>
  <testcase classname="com.testcases.TestCase4" name="navigatetoGoogle" time="5.486">
    <failure type="java.lang.IllegalMonitorStateException">
      <![CDATA[java.lang.IllegalMonitorStateException
at java.base/java.lang.Object.wait(Native Method)
at com.testcases.TestCase4.navigatetoGoogle(TestCase4.java:35)
at java.base/java.util.ArrayList.forEach(ArrayList.java:1507)
... Removed 37 stack frames]]>
    </failure>
  </testcase> <!-- navigatetoGoogle -->
</testsuite> <!-- Command line test -->
