-------------------------------------------------------------------------------
Test set: TestSuite
-------------------------------------------------------------------------------
Tests run: 4, Failures: 1, Errors: 0, Skipped: 0, Time elapsed: 6.062 sec <<< FAILURE!
navigatetoGoogle(com.testcases.TestCase4)  Time elapsed: 5.584 sec  <<< FAILURE!
java.lang.IllegalMonitorStateException
	at java.base/java.lang.Object.wait(Native Method)
	at com.testcases.TestCase4.navigatetoGoogle(TestCase4.java:26)

