<?xml version="1.0" encoding="UTF-8" ?>
<testsuite tests="4" failures="1" name="TestSuite" time="5.589" errors="0" skipped="0">
  <properties>
[...]
</properties>
  <testcase classname="com.testcases.TestCase1" name="testone" time="0.005"/>
  <testcase classname="com.testcases.TestCase2" name="testcasetwo" time="0"/>
  <testcase classname="com.testcases.TestCase3" name="testcasethree" time="0"/>
  <testcase classname="com.testcases.TestCase4" name="navigatetoGoogle" time="5.584">
    <failure type="java.lang.IllegalMonitorStateException">java.lang.IllegalMonitorStateException
	at java.base/java.lang.Object.wait(Native Method)
	at com.testcases.TestCase4.navigatetoGoogle(TestCase4.java:26)
</failure>
    <system-err>Mar 07, 2020 10:22:54 PM io.github.bonigarcia.wdm.WebDriverManager detectDriverVersionFromBrowser
INFO: Using chromedriver 80.0.3987.106 (since Google Chrome 80 is installed in your machine)
Mar 07, 2020 10:22:54 PM io.github.bonigarcia.wdm.WebDriverManager exportDriver
INFO: Exporting webdriver.chrome.driver as C:\Users\dhire\.m2\repository\webdriver\chromedriver\win32\80.0.3987.106\chromedriver.exe
Starting ChromeDriver 80.0.3987.106 (f68069574609230cf9b635cd784cfb1bf81bb53a-refs/branch-heads/3987@{#882}) on port 41657
Only local connections are allowed.
Please protect ports used by ChromeDriver and related test frameworks to prevent access by malicious code.
[1583637778.200][WARNING]: Timed out connecting to Chrome, retrying...
Mar 07, 2020 10:23:00 PM org.openqa.selenium.remote.ProtocolHandshake createSession
INFO: Detected dialect: W3C
</system-err>
  </testcase>
</testsuite>