<?xml version="1.0" encoding="UTF-8"?>
<testng-results ignored="0" total="4" passed="4" failed="0" skipped="0">
  <reporter-output>
  </reporter-output>
  <suite started-at="2020-03-14T10:12:02 EDT" name="Suite" finished-at="2020-03-14T10:12:12 EDT" duration-ms="10228">
    <groups>
    </groups>
    <test started-at="2020-03-14T10:12:02 EDT" name="Test" finished-at="2020-03-14T10:12:12 EDT" duration-ms="10228">
      <class name="com.testcases.TestCase1">
        <test-method signature="testone()[pri:0, instance:com.testcases.TestCase1@65d6b83b]" started-at="2020-03-14T10:12:02 EDT" name="testone" finished-at="2020-03-14T10:12:02 EDT" duration-ms="5" status="PASS">
          <reporter-output>
          </reporter-output>
        </test-method> <!-- testone -->
      </class> <!-- com.testcases.TestCase1 -->
      <class name="com.testcases.TestCase3">
        <test-method signature="testcasethree()[pri:0, instance:com.testcases.TestCase3@d706f19]" started-at="2020-03-14T10:12:02 EDT" name="testcasethree" finished-at="2020-03-14T10:12:02 EDT" duration-ms="1" status="PASS">
          <reporter-output>
          </reporter-output>
        </test-method> <!-- testcasethree -->
      </class> <!-- com.testcases.TestCase3 -->
      <class name="com.testcases.TestCase2">
        <test-method signature="testcasetwo()[pri:0, instance:com.testcases.TestCase2@30b7c004]" started-at="2020-03-14T10:12:02 EDT" name="testcasetwo" finished-at="2020-03-14T10:12:02 EDT" duration-ms="2" status="PASS">
          <reporter-output>
          </reporter-output>
        </test-method> <!-- testcasetwo -->
      </class> <!-- com.testcases.TestCase2 -->
      <class name="com.testcases.TestCase4">
        <test-method signature="navigatetoGoogle()[pri:0, instance:com.testcases.TestCase4@79efed2d]" started-at="2020-03-14T10:12:02 EDT" name="navigatetoGoogle" finished-at="2020-03-14T10:12:12 EDT" duration-ms="10191" status="PASS">
          <reporter-output>
          </reporter-output>
        </test-method> <!-- navigatetoGoogle -->
      </class> <!-- com.testcases.TestCase4 -->
    </test> <!-- Test -->
  </suite> <!-- Suite -->
</testng-results>
