<?xml version="1.0" encoding="UTF-8"?>
<testng-results ignored="0" total="4" passed="3" failed="1" skipped="0">
  <reporter-output>
  </reporter-output>
  <suite started-at="2020-03-07T23:30:09 EST" name="Suite" finished-at="2020-03-07T23:30:16 EST" duration-ms="6894">
    <groups>
    </groups>
    <test started-at="2020-03-07T23:30:09 EST" name="Test" finished-at="2020-03-07T23:30:16 EST" duration-ms="6894">
      <class name="com.testcases.TestCase1">
        <test-method signature="testone()[pri:0, instance:com.testcases.TestCase1@65d6b83b]" started-at="2020-03-07T23:30:09 EST" name="testone" finished-at="2020-03-07T23:30:09 EST" duration-ms="15" status="PASS">
          <reporter-output>
          </reporter-output>
        </test-method> <!-- testone -->
      </class> <!-- com.testcases.TestCase1 -->
      <class name="com.testcases.TestCase3">
        <test-method signature="testcasethree()[pri:0, instance:com.testcases.TestCase3@d706f19]" started-at="2020-03-07T23:30:10 EST" name="testcasethree" finished-at="2020-03-07T23:30:10 EST" duration-ms="2" status="PASS">
          <reporter-output>
          </reporter-output>
        </test-method> <!-- testcasethree -->
      </class> <!-- com.testcases.TestCase3 -->
      <class name="com.testcases.TestCase2">
        <test-method signature="testcasetwo()[pri:0, instance:com.testcases.TestCase2@30b7c004]" started-at="2020-03-07T23:30:10 EST" name="testcasetwo" finished-at="2020-03-07T23:30:10 EST" duration-ms="3" status="PASS">
          <reporter-output>
          </reporter-output>
        </test-method> <!-- testcasetwo -->
      </class> <!-- com.testcases.TestCase2 -->
      <class name="com.testcases.TestCase4">
        <test-method signature="navigatetoGoogle()[pri:0, instance:com.testcases.TestCase4@79efed2d]" started-at="2020-03-07T23:30:10 EST" name="navigatetoGoogle" finished-at="2020-03-07T23:30:16 EST" duration-ms="6782" status="FAIL">
          <exception class="java.lang.IllegalMonitorStateException">
            <full-stacktrace>
              <![CDATA[java.lang.IllegalMonitorStateException
at java.base/java.lang.Object.wait(Native Method)
at com.testcases.TestCase4.navigatetoGoogle(TestCase4.java:28)
at java.base/jdk.internal.reflect.NativeMethodAccessorImpl.invoke0(Native Method)
at java.base/jdk.internal.reflect.NativeMethodAccessorImpl.invoke(NativeMethodAccessorImpl.java:62)
at java.base/jdk.internal.reflect.DelegatingMethodAccessorImpl.invoke(DelegatingMethodAccessorImpl.java:43)
at java.base/java.lang.reflect.Method.invoke(Method.java:567)
at org.testng.internal.MethodInvocationHelper.invokeMethod(MethodInvocationHelper.java:134)
at org.testng.internal.TestInvoker.invokeMethod(TestInvoker.java:597)
at org.testng.internal.TestInvoker.invokeTestMethod(TestInvoker.java:173)
at org.testng.internal.MethodRunner.runInSequence(MethodRunner.java:46)
at org.testng.internal.TestInvoker$MethodInvocationAgent.invoke(TestInvoker.java:816)
at org.testng.internal.TestInvoker.invokeTestMethods(TestInvoker.java:146)
at org.testng.internal.TestMethodWorker.invokeTestMethods(TestMethodWorker.java:146)
at org.testng.internal.TestMethodWorker.run(TestMethodWorker.java:128)
at java.base/java.util.ArrayList.forEach(ArrayList.java:1507)
at org.testng.TestRunner.privateRun(TestRunner.java:766)
at org.testng.TestRunner.run(TestRunner.java:587)
at org.testng.SuiteRunner.runTest(SuiteRunner.java:384)
at org.testng.SuiteRunner.runSequentially(SuiteRunner.java:378)
at org.testng.SuiteRunner.privateRun(SuiteRunner.java:337)
at org.testng.SuiteRunner.run(SuiteRunner.java:286)
at org.testng.SuiteRunnerWorker.runSuite(SuiteRunnerWorker.java:53)
at org.testng.SuiteRunnerWorker.run(SuiteRunnerWorker.java:96)
at org.testng.TestNG.runSuitesSequentially(TestNG.java:1187)
at org.testng.TestNG.runSuitesLocally(TestNG.java:1109)
at org.testng.TestNG.runSuites(TestNG.java:1039)
at org.testng.TestNG.run(TestNG.java:1007)
at org.testng.remote.AbstractRemoteTestNG.run(AbstractRemoteTestNG.java:115)
at org.testng.remote.RemoteTestNG.initAndRun(RemoteTestNG.java:251)
at org.testng.remote.RemoteTestNG.main(RemoteTestNG.java:77)
]]>
            </full-stacktrace>
          </exception> <!-- java.lang.IllegalMonitorStateException -->
          <reporter-output>
          </reporter-output>
        </test-method> <!-- navigatetoGoogle -->
      </class> <!-- com.testcases.TestCase4 -->
    </test> <!-- Test -->
  </suite> <!-- Suite -->
</testng-results>
